<?xml version="1.0" encoding="UTF-8"?>
<!-- Generated by org.testng.reporters.JUnitReportReporter -->
<testsuite hostname="LAPTOP-H3OC1CBA" failures="0" tests="3" name="FirstClass" time="0.036" errors="0" timestamp="2023-07-13T23:16:56 IST" skipped="0">
  <testcase classname="FirstClass" name="setUp2" time="0.005"/>
  <system-out/>
  <testcase classname="FirstClass" name="setUp1" time="0.023"/>
  <system-out/>
  <testcase classname="FirstClass" name="setUp3" time="0.008"/>
  <system-out/>
</testsuite> <!-- FirstClass -->
