<?xml version="1.0" encoding="UTF-8"?>
<!-- Generated by org.testng.reporters.JUnitReportReporter -->
<testsuite hostname="LAPTOP-H3OC1CBA" failures="0" tests="1" name="com.kula.testscripts.TestHarness" time="37.708" errors="0" timestamp="2023-07-14T15:11:04 IST" skipped="0">
  <testcase classname="com.kula.testscripts.TestHarness" name="validLogin" time="37.708"/>
  <system-out>
    <![CDATA[Login successfull]]>
  </system-out>
</testsuite> <!-- com.kula.testscripts.TestHarness -->
