<?xml version="1.0" encoding="UTF-8"?>
<!-- Generated by org.testng.reporters.JUnitReportReporter -->
<testsuite hostname="LAPTOP-H3OC1CBA" failures="0" tests="1" name="com.kula.testscripts.TestHarness" time="10.095" errors="0" timestamp="2023-07-17T17:04:15 IST" skipped="0">
  <testcase classname="com.kula.testscripts.TestHarness" name="goToMarketingHub" time="10.095"/>
  <system-out>
    <![CDATA[Title Matched]]>
  </system-out>
</testsuite> <!-- com.kula.testscripts.TestHarness -->
