<?xml version="1.0" encoding="UTF-8"?>
<!-- Generated by org.testng.reporters.JUnitReportReporter -->
<testsuite hostname="LAPTOP-H3OC1CBA" failures="0" tests="2" name="com.kula.testscripts.TestHarness" time="16.343" errors="0" timestamp="2023-07-18T14:35:20 IST" skipped="0">
  <testcase classname="com.kula.testscripts.TestHarness" name="goToSalesHub" time="8.458"/>
  <system-out>
    <![CDATA[Title Matched]]>
  </system-out>
  <testcase classname="com.kula.testscripts.TestHarness" name="goToMarketingHub" time="7.885"/>
  <system-out>
    <![CDATA[Title Matched]]>
  </system-out>
</testsuite> <!-- com.kula.testscripts.TestHarness -->
